app/build/intermediates/manifest_merge_blame_file/release/manifest-merger-blame-release-report.txt
1<?xml version="1.0" encoding="utf-8"?>
2<manifest xmlns:android="http://schemas.android.com/apk/res/android"
3    package="ontime.app"
4    android:versionCode="1"
5    android:versionName="1.1" >
6
7    <uses-sdk
8        android:minSdkVersion="17"
8-->src\main\AndroidManifest.xml
9        android:targetSdkVersion="30" />
9-->src\main\AndroidManifest.xml
10
11    <uses-permission android:name="android.permission.ACCESS_NETWORK_STATE" />
11-->src\main\AndroidManifest.xml:6:5-79
11-->src\main\AndroidManifest.xml:6:22-76
12    <uses-permission android:name="android.permission.INTERNET" />
12-->src\main\AndroidManifest.xml:7:5-67
12-->src\main\AndroidManifest.xml:7:22-64
13    <uses-permission android:name="android.permission.ACCESS_WIFI_STATE" />
13-->src\main\AndroidManifest.xml:8:5-76
13-->src\main\AndroidManifest.xml:8:22-73
14    <uses-permission android:name="android.permission.ACCESS_NETWORK_STATE" />
14-->src\main\AndroidManifest.xml:6:5-79
14-->src\main\AndroidManifest.xml:6:22-76
15    <uses-permission android:name="android.permission.RECEIVE_SMS" />
15-->src\main\AndroidManifest.xml:10:5-70
15-->src\main\AndroidManifest.xml:10:22-67
16    <uses-permission android:name="android.permission.READ_SMS" />
16-->src\main\AndroidManifest.xml:11:5-67
16-->src\main\AndroidManifest.xml:11:22-64
17    <uses-permission android:name="android.permission.READ_PHONE_STATE" />
17-->src\main\AndroidManifest.xml:12:5-75
17-->src\main\AndroidManifest.xml:12:22-72
18    <uses-permission android:name="android.permission.READ_EXTERNAL_STORAGE" />
18-->src\main\AndroidManifest.xml:13:5-80
18-->src\main\AndroidManifest.xml:13:22-77
19    <uses-permission android:name="android.permission.WRITE_EXTERNAL_STORAGE" />
19-->src\main\AndroidManifest.xml:14:5-81
19-->src\main\AndroidManifest.xml:14:22-78
20    <uses-permission android:name="android.permission.ACCESS_FINE_LOCATION" />
20-->src\main\AndroidManifest.xml:15:5-79
20-->src\main\AndroidManifest.xml:15:22-76
21    <uses-permission android:name="android.permission. ACCESS_COARSE_LOCATION" />
21-->src\main\AndroidManifest.xml:16:5-82
21-->src\main\AndroidManifest.xml:16:22-79
22    <uses-permission android:name="android.permission.CAMERA" />
22-->[com.github.Tap-Payments:goSellSDK-AndroidX:3.11.2] AndroidManifest.xml:13:5-65
22-->[com.github.Tap-Payments:goSellSDK-AndroidX:3.11.2] AndroidManifest.xml:13:22-62
23    <uses-permission android:name="android.permission.SYSTEM_ALERT_WINDOW" />
23-->[com.github.Tap-Payments:goSellSDK-AndroidX:3.11.2] AndroidManifest.xml:14:5-78
23-->[com.github.Tap-Payments:goSellSDK-AndroidX:3.11.2] AndroidManifest.xml:14:22-75
24    <uses-permission android:name="android.permission.VIBRATE" />
24-->[com.github.Tap-Payments:goSellSDK-AndroidX:3.11.2] AndroidManifest.xml:15:5-66
24-->[com.github.Tap-Payments:goSellSDK-AndroidX:3.11.2] AndroidManifest.xml:15:22-63
25    <uses-permission android:name="android.permission.WAKE_LOCK" /> <!-- Required by older versions of Google Play services to create IID tokens -->
25-->[com.google.firebase:firebase-iid:21.0.0] AndroidManifest.xml:24:5-68
25-->[com.google.firebase:firebase-iid:21.0.0] AndroidManifest.xml:24:22-65
26    <uses-permission android:name="com.google.android.c2dm.permission.RECEIVE" />
26-->[com.google.firebase:firebase-iid:21.0.0] AndroidManifest.xml:26:5-82
26-->[com.google.firebase:firebase-iid:21.0.0] AndroidManifest.xml:26:22-79
27    <uses-permission android:name="com.google.android.finsky.permission.BIND_GET_INSTALL_REFERRER_SERVICE" />
27-->[com.google.android.gms:play-services-measurement:18.0.0] AndroidManifest.xml:26:5-110
27-->[com.google.android.gms:play-services-measurement:18.0.0] AndroidManifest.xml:26:22-107
28
29    <uses-feature
29-->[io.card:android-sdk:5.5.1] AndroidManifest.xml:12:5-14:36
30        android:name="android.hardware.camera"
30-->[io.card:android-sdk:5.5.1] AndroidManifest.xml:13:9-47
31        android:required="false" />
31-->[io.card:android-sdk:5.5.1] AndroidManifest.xml:14:9-33
32    <uses-feature
32-->[io.card:android-sdk:5.5.1] AndroidManifest.xml:15:5-17:36
33        android:name="android.hardware.camera.autofocus"
33-->[io.card:android-sdk:5.5.1] AndroidManifest.xml:16:9-57
34        android:required="false" />
34-->[io.card:android-sdk:5.5.1] AndroidManifest.xml:17:9-33
35
36    <application
36-->src\main\AndroidManifest.xml:18:5-168:19
37        android:name="androidx.multidex.MultiDexApplication"
38        android:allowBackup="true"
38-->src\main\AndroidManifest.xml:19:9-35
39        android:appComponentFactory="androidx.core.app.CoreComponentFactory"
39-->[androidx.core:core:1.3.1] AndroidManifest.xml:24:18-86
40        android:debuggable="true"
40-->src\main\AndroidManifest.xml:20:9-34
41        android:hardwareAccelerated="true"
41-->src\main\AndroidManifest.xml:21:9-43
42        android:hasCode="true"
42-->src\main\AndroidManifest.xml:22:9-31
43        android:icon="@mipmap/ic_launcher"
43-->src\main\AndroidManifest.xml:23:9-43
44        android:isolatedProcess="true"
44-->src\main\AndroidManifest.xml:24:9-39
45        android:label="@string/app_name"
45-->src\main\AndroidManifest.xml:25:9-41
46        android:largeHeap="true"
46-->src\main\AndroidManifest.xml:26:9-33
47        android:requestLegacyExternalStorage="true"
47-->src\main\AndroidManifest.xml:27:9-52
48        android:roundIcon="@mipmap/ic_launcher_round"
48-->src\main\AndroidManifest.xml:28:9-54
49        android:supportsRtl="true"
49-->src\main\AndroidManifest.xml:29:9-35
50        android:theme="@style/AppTheme"
50-->src\main\AndroidManifest.xml:30:9-40
51        android:usesCleartextTraffic="true" >
51-->src\main\AndroidManifest.xml:31:9-44
52        <activity android:name="ontime.app.customer.doneActivity.RestRattingListActivity" />
52-->src\main\AndroidManifest.xml:33:9-92
52-->src\main\AndroidManifest.xml:33:19-80
53        <activity
53-->src\main\AndroidManifest.xml:34:9-36:48
54            android:name="ontime.app.restaurant.ui.Activity.NewOrderItemListActivity"
54-->src\main\AndroidManifest.xml:35:13-76
55            android:theme="@style/AppTheme1" />
55-->src\main\AndroidManifest.xml:36:13-45
56
57        <provider
58            android:name="androidx.core.content.FileProvider"
58-->src\main\AndroidManifest.xml:39:13-62
59            android:authorities="ontime.app.provider"
59-->src\main\AndroidManifest.xml:40:13-60
60            android:exported="false"
60-->src\main\AndroidManifest.xml:41:13-37
61            android:grantUriPermissions="true" >
61-->src\main\AndroidManifest.xml:42:13-47
62            <meta-data
62-->src\main\AndroidManifest.xml:43:13-45:58
63                android:name="android.support.FILE_PROVIDER_PATHS"
63-->src\main\AndroidManifest.xml:44:17-67
64                android:resource="@xml/provider_paths" />
64-->src\main\AndroidManifest.xml:45:17-55
65        </provider>
66
67        <activity
67-->src\main\AndroidManifest.xml:48:9-50:48
68            android:name="ontime.app.customer.doneActivity.ChangePasswordActivity"
68-->src\main\AndroidManifest.xml:49:13-73
69            android:theme="@style/AppTheme1" />
69-->src\main\AndroidManifest.xml:50:13-45
70        <activity
70-->src\main\AndroidManifest.xml:51:9-54:48
71            android:name="ontime.app.restaurant.ui.Activity.RiderOrderDetails"
71-->src\main\AndroidManifest.xml:52:13-69
72            android:label="@string/title_activity_home"
72-->src\main\AndroidManifest.xml:53:13-56
73            android:theme="@style/AppTheme1" />
73-->src\main\AndroidManifest.xml:54:13-45
74        <activity
74-->src\main\AndroidManifest.xml:55:9-57:48
75            android:name="ontime.app.restaurant.ui.Activity.WelcomeActivity"
75-->src\main\AndroidManifest.xml:56:13-67
76            android:theme="@style/AppTheme1" />
76-->src\main\AndroidManifest.xml:57:13-45
77        <activity
77-->src\main\AndroidManifest.xml:58:9-60:48
78            android:name="ontime.app.restaurant.ui.Activity.LoginPage"
78-->src\main\AndroidManifest.xml:59:13-61
79            android:theme="@style/AppTheme1" />
79-->src\main\AndroidManifest.xml:60:13-45
80        <activity
80-->src\main\AndroidManifest.xml:61:9-63:48
81            android:name="ontime.app.customer.doneActivity.ForgotpasswordActivity"
81-->src\main\AndroidManifest.xml:62:13-73
82            android:theme="@style/AppTheme1" />
82-->src\main\AndroidManifest.xml:63:13-45
83        <activity
83-->src\main\AndroidManifest.xml:64:9-66:48
84            android:name="ontime.app.customer.doneActivity.VerificationCodeActivity"
84-->src\main\AndroidManifest.xml:65:13-75
85            android:theme="@style/AppTheme1" />
85-->src\main\AndroidManifest.xml:66:13-45
86        <activity
86-->src\main\AndroidManifest.xml:67:9-69:48
87            android:name="ontime.app.customer.doneActivity.RegistetActivity"
87-->src\main\AndroidManifest.xml:68:13-67
88            android:theme="@style/AppTheme1" />
88-->src\main\AndroidManifest.xml:69:13-45
89        <activity
89-->src\main\AndroidManifest.xml:70:9-72:48
90            android:name="ontime.app.customer.doneActivity.LoginActivity"
90-->src\main\AndroidManifest.xml:71:13-64
91            android:theme="@style/AppTheme1" />
91-->src\main\AndroidManifest.xml:72:13-45
92        <activity
92-->src\main\AndroidManifest.xml:73:9-75:48
93            android:name="ontime.app.customer.doneActivity.UserDashboardActivity"
93-->src\main\AndroidManifest.xml:74:13-72
94            android:theme="@style/AppTheme1" />
94-->src\main\AndroidManifest.xml:75:13-45
95        <activity
95-->src\main\AndroidManifest.xml:76:9-78:48
96            android:name="ontime.app.customer.doneActivity.RestCartPenddingItemActivity"
96-->src\main\AndroidManifest.xml:77:13-79
97            android:theme="@style/AppTheme1" />
97-->src\main\AndroidManifest.xml:78:13-45
98        <activity
98-->src\main\AndroidManifest.xml:79:9-81:48
99            android:name="ontime.app.customer.doneActivity.RestaurantlistActivity"
99-->src\main\AndroidManifest.xml:80:13-73
100            android:theme="@style/AppTheme1" />
100-->src\main\AndroidManifest.xml:81:13-45
101        <activity
101-->src\main\AndroidManifest.xml:82:9-84:48
102            android:name="ontime.app.customer.doneActivity.RestaurantProfileActivity"
102-->src\main\AndroidManifest.xml:83:13-76
103            android:theme="@style/AppTheme1" />
103-->src\main\AndroidManifest.xml:84:13-45
104        <activity
104-->src\main\AndroidManifest.xml:85:9-87:48
105            android:name="ontime.app.customer.doneActivity.RestaurantDetailActivity"
105-->src\main\AndroidManifest.xml:86:13-75
106            android:theme="@style/AppTheme1" />
106-->src\main\AndroidManifest.xml:87:13-45
107        <activity
107-->src\main\AndroidManifest.xml:88:9-90:48
108            android:name="ontime.app.customer.doneActivity.RestCartItemActivity"
108-->src\main\AndroidManifest.xml:89:13-71
109            android:theme="@style/AppTheme1" />
109-->src\main\AndroidManifest.xml:90:13-45
110        <activity
110-->src\main\AndroidManifest.xml:91:9-93:48
111            android:name="ontime.app.customer.doneActivity.OrderSummaryActivity"
111-->src\main\AndroidManifest.xml:92:13-71
112            android:theme="@style/AppTheme1" />
112-->src\main\AndroidManifest.xml:93:13-45
113        <activity
113-->src\main\AndroidManifest.xml:94:9-96:48
114            android:name="ontime.app.customer.Activity.SentRequestActivity"
114-->src\main\AndroidManifest.xml:95:13-66
115            android:theme="@style/AppTheme1" />
115-->src\main\AndroidManifest.xml:96:13-45
116        <activity
116-->src\main\AndroidManifest.xml:97:9-99:48
117            android:name="ontime.app.customer.doneActivity.RequestPendingActivity"
117-->src\main\AndroidManifest.xml:98:13-73
118            android:theme="@style/AppTheme1" />
118-->src\main\AndroidManifest.xml:99:13-45
119        <activity
119-->src\main\AndroidManifest.xml:100:9-109:20
120            android:name="ontime.app.customer.doneActivity.MyOrdersListActivity"
120-->src\main\AndroidManifest.xml:101:13-71
121            android:theme="@style/AppTheme1" >
121-->src\main\AndroidManifest.xml:102:13-45
122            <intent-filter>
122-->src\main\AndroidManifest.xml:103:13-108:29
123                <action android:name="none" />
123-->src\main\AndroidManifest.xml:104:17-47
123-->src\main\AndroidManifest.xml:104:25-44
124
125                <category android:name="android.intent.category.LAUNCHER" />
125-->src\main\AndroidManifest.xml:106:17-77
125-->src\main\AndroidManifest.xml:106:27-74
126                <category android:name="android.intent.category.DEFAULT" />
126-->src\main\AndroidManifest.xml:107:17-76
126-->src\main\AndroidManifest.xml:107:27-73
127            </intent-filter>
128        </activity>
129        <activity
129-->src\main\AndroidManifest.xml:110:9-112:48
130            android:name="ontime.app.customer.doneActivity.PaymentActivity"
130-->src\main\AndroidManifest.xml:111:13-66
131            android:theme="@style/AppTheme1" />
131-->src\main\AndroidManifest.xml:112:13-45
132        <activity
132-->src\main\AndroidManifest.xml:113:9-115:48
133            android:name="ontime.app.customer.doneActivity.NotificationActivity"
133-->src\main\AndroidManifest.xml:114:13-71
134            android:theme="@style/AppTheme1" />
134-->src\main\AndroidManifest.xml:115:13-45
135        <activity
135-->src\main\AndroidManifest.xml:116:9-118:48
136            android:name="ontime.app.customer.doneActivity.ContactusActivity"
136-->src\main\AndroidManifest.xml:117:13-68
137            android:theme="@style/AppTheme1" />
137-->src\main\AndroidManifest.xml:118:13-45
138        <activity
138-->src\main\AndroidManifest.xml:119:9-121:48
139            android:name="ontime.app.customer.doneActivity.LanguageActivity"
139-->src\main\AndroidManifest.xml:120:13-67
140            android:theme="@style/AppTheme1" />
140-->src\main\AndroidManifest.xml:121:13-45
141        <activity
141-->src\main\AndroidManifest.xml:122:9-124:48
142            android:name="ontime.app.customer.doneActivity.AboutusActivity"
142-->src\main\AndroidManifest.xml:123:13-66
143            android:theme="@style/AppTheme1" />
143-->src\main\AndroidManifest.xml:124:13-45
144        <activity
144-->src\main\AndroidManifest.xml:125:9-127:48
145            android:name="ontime.app.customer.doneActivity.UserProfileActivity"
145-->src\main\AndroidManifest.xml:126:13-70
146            android:theme="@style/AppTheme1" />
146-->src\main\AndroidManifest.xml:127:13-45
147        <activity
147-->src\main\AndroidManifest.xml:128:9-130:48
148            android:name="ontime.app.customer.doneActivity.AddCardActivity"
148-->src\main\AndroidManifest.xml:129:13-66
149            android:theme="@style/AppTheme1" />
149-->src\main\AndroidManifest.xml:130:13-45
150        <activity
150-->src\main\AndroidManifest.xml:131:9-133:48
151            android:name="ontime.app.customer.Activity.SentRequestSuper"
151-->src\main\AndroidManifest.xml:132:13-63
152            android:theme="@style/AppTheme1" />
152-->src\main\AndroidManifest.xml:133:13-45
153        <activity
153-->src\main\AndroidManifest.xml:134:9-136:48
154            android:name="ontime.app.restaurant.ui.Activity.MurchanNotification"
154-->src\main\AndroidManifest.xml:135:13-71
155            android:theme="@style/AppTheme1" />
155-->src\main\AndroidManifest.xml:136:13-45
156        <activity
156-->src\main\AndroidManifest.xml:137:9-145:20
157            android:name="ontime.app.restaurant.ui.Activity.SplashActivity"
157-->src\main\AndroidManifest.xml:138:13-66
158            android:theme="@style/AppTheme1" >
158-->src\main\AndroidManifest.xml:139:13-45
159            <intent-filter>
159-->src\main\AndroidManifest.xml:140:13-144:29
160                <action android:name="android.intent.action.MAIN" />
160-->src\main\AndroidManifest.xml:141:17-69
160-->src\main\AndroidManifest.xml:141:25-66
161
162                <category android:name="android.intent.category.LAUNCHER" />
162-->src\main\AndroidManifest.xml:106:17-77
162-->src\main\AndroidManifest.xml:106:27-74
163            </intent-filter>
164        </activity>
165
166        <meta-data
166-->src\main\AndroidManifest.xml:147:9-149:54
167            android:name="com.google.firebase.messaging.default_notification_icon"
167-->src\main\AndroidManifest.xml:148:13-83
168            android:resource="@mipmap/ic_launcher" />
168-->src\main\AndroidManifest.xml:149:13-51
169        <!--
170 Set color used with incoming notification messages. This is used when no color is set for the incoming
171             notification message. See README(https://goo.gl/6BKBk7) for more.
172        -->
173        <meta-data
173-->src\main\AndroidManifest.xml:154:9-156:53
174            android:name="com.google.firebase.messaging.default_notification_color"
174-->src\main\AndroidManifest.xml:155:13-84
175            android:resource="@color/colorAccent" /> <!-- [END fcm_default_icon] -->
175-->src\main\AndroidManifest.xml:156:13-50
176        <!-- [START fcm_default_channel] -->
177        <meta-data
177-->src\main\AndroidManifest.xml:158:9-160:48
178            android:name="com.google.firebase.messaging.default_notification_channel_id"
178-->src\main\AndroidManifest.xml:159:13-89
179            android:value="@string/app_name" /> <!-- [END fcm_default_channel] -->
179-->src\main\AndroidManifest.xml:160:13-45
180        <service
180-->src\main\AndroidManifest.xml:161:9-167:19
181            android:name="ontime.app.utils.MyFirebaseMessagingService"
181-->src\main\AndroidManifest.xml:162:13-61
182            android:exported="false" >
182-->src\main\AndroidManifest.xml:163:13-37
183            <intent-filter>
183-->src\main\AndroidManifest.xml:164:13-166:29
184                <action android:name="com.google.firebase.MESSAGING_EVENT" />
184-->src\main\AndroidManifest.xml:165:17-78
184-->src\main\AndroidManifest.xml:165:25-75
185            </intent-filter>
186        </service>
187
188        <activity
188-->[com.github.Tap-Payments:goSellSDK-AndroidX:3.11.2] AndroidManifest.xml:18:9-21:58
189            android:name="company.tap.gosellapi.internal.activities.GoSellPaymentActivity"
189-->[com.github.Tap-Payments:goSellSDK-AndroidX:3.11.2] AndroidManifest.xml:19:13-91
190            android:theme="@style/TransparentCompat"
190-->[com.github.Tap-Payments:goSellSDK-AndroidX:3.11.2] AndroidManifest.xml:20:13-53
191            android:windowSoftInputMode="adjustResize" />
191-->[com.github.Tap-Payments:goSellSDK-AndroidX:3.11.2] AndroidManifest.xml:21:13-55
192        <activity
192-->[com.github.Tap-Payments:goSellSDK-AndroidX:3.11.2] AndroidManifest.xml:22:9-24:56
193            android:name="company.tap.gosellapi.internal.activities.GoSellCardAddressActivity"
193-->[com.github.Tap-Payments:goSellSDK-AndroidX:3.11.2] AndroidManifest.xml:23:13-95
194            android:theme="@style/GoSellSDKAppTheme" />
194-->[com.github.Tap-Payments:goSellSDK-AndroidX:3.11.2] AndroidManifest.xml:24:13-53
195        <activity
195-->[com.github.Tap-Payments:goSellSDK-AndroidX:3.11.2] AndroidManifest.xml:25:9-27:56
196            android:name="company.tap.gosellapi.internal.activities.CurrenciesActivity"
196-->[com.github.Tap-Payments:goSellSDK-AndroidX:3.11.2] AndroidManifest.xml:26:13-88
197            android:theme="@style/GoSellSDKAppTheme" />
197-->[com.github.Tap-Payments:goSellSDK-AndroidX:3.11.2] AndroidManifest.xml:27:13-53
198        <activity
198-->[com.github.Tap-Payments:goSellSDK-AndroidX:3.11.2] AndroidManifest.xml:28:9-30:56
199            android:name="company.tap.gosellapi.internal.activities.BaseActionBarActivity"
199-->[com.github.Tap-Payments:goSellSDK-AndroidX:3.11.2] AndroidManifest.xml:29:13-91
200            android:theme="@style/GoSellSDKAppTheme" />
200-->[com.github.Tap-Payments:goSellSDK-AndroidX:3.11.2] AndroidManifest.xml:30:13-53
201        <activity
201-->[com.github.Tap-Payments:goSellSDK-AndroidX:3.11.2] AndroidManifest.xml:31:9-34:56
202            android:name="company.tap.gosellapi.internal.activities.WebPaymentActivity"
202-->[com.github.Tap-Payments:goSellSDK-AndroidX:3.11.2] AndroidManifest.xml:32:13-88
203            android:screenOrientation="portrait"
203-->[com.github.Tap-Payments:goSellSDK-AndroidX:3.11.2] AndroidManifest.xml:33:13-49
204            android:theme="@style/GoSellSDKAppTheme" />
204-->[com.github.Tap-Payments:goSellSDK-AndroidX:3.11.2] AndroidManifest.xml:34:13-53
205        <activity
205-->[com.github.Tap-Payments:goSellSDK-AndroidX:3.11.2] AndroidManifest.xml:35:9-37:56
206            android:name="company.tap.gosellapi.internal.activities.CountriesActivity"
206-->[com.github.Tap-Payments:goSellSDK-AndroidX:3.11.2] AndroidManifest.xml:36:13-87
207            android:theme="@style/GoSellSDKAppTheme" />
207-->[com.github.Tap-Payments:goSellSDK-AndroidX:3.11.2] AndroidManifest.xml:37:13-53
208        <activity
208-->[com.github.Tap-Payments:goSellSDK-AndroidX:3.11.2] AndroidManifest.xml:38:9-40:56
209            android:name="company.tap.gosellapi.internal.activities.AsynchronousPaymentActivity"
209-->[com.github.Tap-Payments:goSellSDK-AndroidX:3.11.2] AndroidManifest.xml:39:13-97
210            android:theme="@style/TransparentCompat" />
210-->[com.github.Tap-Payments:goSellSDK-AndroidX:3.11.2] AndroidManifest.xml:40:13-53
211        <activity
211-->[:PhoneVerification] AndroidManifest.xml:14:9-17:59
212            android:name="com.phonenumberui.CountryCodeActivity"
212-->[:PhoneVerification] AndroidManifest.xml:15:13-65
213            android:screenOrientation="portrait"
213-->[:PhoneVerification] AndroidManifest.xml:16:13-49
214            android:theme="@style/AppTheme.NoActionBar" />
214-->[:PhoneVerification] AndroidManifest.xml:17:13-56
215        <activity
215-->[com.google.firebase:firebase-auth:20.0.1] AndroidManifest.xml:27:9-44:20
216            android:name="com.google.firebase.auth.internal.GenericIdpActivity"
216-->[com.google.firebase:firebase-auth:20.0.1] AndroidManifest.xml:28:13-80
217            android:excludeFromRecents="true"
217-->[com.google.firebase:firebase-auth:20.0.1] AndroidManifest.xml:29:13-46
218            android:exported="true"
218-->[com.google.firebase:firebase-auth:20.0.1] AndroidManifest.xml:30:13-36
219            android:launchMode="singleTask"
219-->[com.google.firebase:firebase-auth:20.0.1] AndroidManifest.xml:31:13-44
220            android:theme="@android:style/Theme.Translucent.NoTitleBar" >
220-->[com.google.firebase:firebase-auth:20.0.1] AndroidManifest.xml:32:13-72
221            <intent-filter>
221-->[com.google.firebase:firebase-auth:20.0.1] AndroidManifest.xml:33:13-43:29
222                <action android:name="android.intent.action.VIEW" />
222-->[com.google.firebase:firebase-auth:20.0.1] AndroidManifest.xml:34:17-69
222-->[com.google.firebase:firebase-auth:20.0.1] AndroidManifest.xml:34:25-66
223
224                <category android:name="android.intent.category.DEFAULT" />
224-->src\main\AndroidManifest.xml:107:17-76
224-->src\main\AndroidManifest.xml:107:27-73
225                <category android:name="android.intent.category.BROWSABLE" />
225-->[com.google.firebase:firebase-auth:20.0.1] AndroidManifest.xml:37:17-78
225-->[com.google.firebase:firebase-auth:20.0.1] AndroidManifest.xml:37:27-75
226
227                <data
227-->[com.google.firebase:firebase-auth:20.0.1] AndroidManifest.xml:39:17-42:51
228                    android:host="firebase.auth"
228-->[com.google.firebase:firebase-auth:20.0.1] AndroidManifest.xml:40:21-49
229                    android:path="/"
229-->[com.google.firebase:firebase-auth:20.0.1] AndroidManifest.xml:41:21-37
230                    android:scheme="genericidp" />
230-->[com.google.firebase:firebase-auth:20.0.1] AndroidManifest.xml:42:21-48
231            </intent-filter>
232        </activity>
233        <activity
233-->[com.google.firebase:firebase-auth:20.0.1] AndroidManifest.xml:45:9-62:20
234            android:name="com.google.firebase.auth.internal.RecaptchaActivity"
234-->[com.google.firebase:firebase-auth:20.0.1] AndroidManifest.xml:46:13-79
235            android:excludeFromRecents="true"
235-->[com.google.firebase:firebase-auth:20.0.1] AndroidManifest.xml:47:13-46
236            android:exported="true"
236-->[com.google.firebase:firebase-auth:20.0.1] AndroidManifest.xml:48:13-36
237            android:launchMode="singleTask"
237-->[com.google.firebase:firebase-auth:20.0.1] AndroidManifest.xml:49:13-44
238            android:theme="@android:style/Theme.Translucent.NoTitleBar" >
238-->[com.google.firebase:firebase-auth:20.0.1] AndroidManifest.xml:50:13-72
239            <intent-filter>
239-->[com.google.firebase:firebase-auth:20.0.1] AndroidManifest.xml:51:13-61:29
240                <action android:name="android.intent.action.VIEW" />
240-->[com.google.firebase:firebase-auth:20.0.1] AndroidManifest.xml:34:17-69
240-->[com.google.firebase:firebase-auth:20.0.1] AndroidManifest.xml:34:25-66
241
242                <category android:name="android.intent.category.DEFAULT" />
242-->src\main\AndroidManifest.xml:107:17-76
242-->src\main\AndroidManifest.xml:107:27-73
243                <category android:name="android.intent.category.BROWSABLE" />
243-->[com.google.firebase:firebase-auth:20.0.1] AndroidManifest.xml:37:17-78
243-->[com.google.firebase:firebase-auth:20.0.1] AndroidManifest.xml:37:27-75
244
245                <data
245-->[com.google.firebase:firebase-auth:20.0.1] AndroidManifest.xml:39:17-42:51
246                    android:host="firebase.auth"
246-->[com.google.firebase:firebase-auth:20.0.1] AndroidManifest.xml:40:21-49
247                    android:path="/"
247-->[com.google.firebase:firebase-auth:20.0.1] AndroidManifest.xml:41:21-37
248                    android:scheme="recaptcha" />
248-->[com.google.firebase:firebase-auth:20.0.1] AndroidManifest.xml:42:21-48
249            </intent-filter>
250        </activity>
251
252        <service
252-->[com.google.firebase:firebase-auth:20.0.1] AndroidManifest.xml:64:9-73:19
253            android:name="com.google.firebase.auth.api.fallback.service.FirebaseAuthFallbackService"
253-->[com.google.firebase:firebase-auth:20.0.1] AndroidManifest.xml:65:13-101
254            android:enabled="true"
254-->[com.google.firebase:firebase-auth:20.0.1] AndroidManifest.xml:66:13-35
255            android:exported="false" >
255-->[com.google.firebase:firebase-auth:20.0.1] AndroidManifest.xml:67:13-37
256            <intent-filter>
256-->[com.google.firebase:firebase-auth:20.0.1] AndroidManifest.xml:68:13-72:29
257                <action android:name="com.google.firebase.auth.api.gms.service.START" />
257-->[com.google.firebase:firebase-auth:20.0.1] AndroidManifest.xml:69:17-89
257-->[com.google.firebase:firebase-auth:20.0.1] AndroidManifest.xml:69:25-86
258
259                <category android:name="android.intent.category.DEFAULT" />
259-->src\main\AndroidManifest.xml:107:17-76
259-->src\main\AndroidManifest.xml:107:27-73
260            </intent-filter>
261        </service>
262        <service
262-->[com.google.firebase:firebase-auth:20.0.1] AndroidManifest.xml:74:9-80:19
263            android:name="com.google.firebase.components.ComponentDiscoveryService"
263-->[com.google.firebase:firebase-auth:20.0.1] AndroidManifest.xml:75:13-84
264            android:directBootAware="true"
264-->[com.google.firebase:firebase-common:19.4.0] AndroidManifest.xml:35:13-43
265            android:exported="false" >
265-->[com.google.firebase:firebase-auth:20.0.1] AndroidManifest.xml:76:13-37
266            <meta-data
266-->[com.google.firebase:firebase-auth:20.0.1] AndroidManifest.xml:77:13-79:85
267                android:name="com.google.firebase.components:com.google.firebase.auth.FirebaseAuthRegistrar"
267-->[com.google.firebase:firebase-auth:20.0.1] AndroidManifest.xml:78:17-109
268                android:value="com.google.firebase.components.ComponentRegistrar" />
268-->[com.google.firebase:firebase-auth:20.0.1] AndroidManifest.xml:79:17-82
269            <meta-data
269-->[com.google.firebase:firebase-messaging:21.0.0] AndroidManifest.xml:39:13-41:85
270                android:name="com.google.firebase.components:com.google.firebase.messaging.FirebaseMessagingRegistrar"
270-->[com.google.firebase:firebase-messaging:21.0.0] AndroidManifest.xml:40:17-119
271                android:value="com.google.firebase.components.ComponentRegistrar" />
271-->[com.google.firebase:firebase-messaging:21.0.0] AndroidManifest.xml:41:17-82
272            <meta-data
272-->[com.google.firebase:firebase-iid:21.0.0] AndroidManifest.xml:32:13-34:85
273                android:name="com.google.firebase.components:com.google.firebase.iid.Registrar"
273-->[com.google.firebase:firebase-iid:21.0.0] AndroidManifest.xml:33:17-96
274                android:value="com.google.firebase.components.ComponentRegistrar" />
274-->[com.google.firebase:firebase-iid:21.0.0] AndroidManifest.xml:34:17-82
275            <meta-data
275-->[com.google.firebase:firebase-datatransport:17.0.3] AndroidManifest.xml:28:13-30:85
276                android:name="com.google.firebase.components:com.google.firebase.datatransport.TransportRegistrar"
276-->[com.google.firebase:firebase-datatransport:17.0.3] AndroidManifest.xml:29:17-115
277                android:value="com.google.firebase.components.ComponentRegistrar" />
277-->[com.google.firebase:firebase-datatransport:17.0.3] AndroidManifest.xml:30:17-82
278            <meta-data
278-->[com.google.android.gms:play-services-measurement-api:18.0.0] AndroidManifest.xml:30:13-32:85
279                android:name="com.google.firebase.components:com.google.firebase.analytics.connector.internal.AnalyticsConnectorRegistrar"
279-->[com.google.android.gms:play-services-measurement-api:18.0.0] AndroidManifest.xml:31:17-139
280                android:value="com.google.firebase.components.ComponentRegistrar" />
280-->[com.google.android.gms:play-services-measurement-api:18.0.0] AndroidManifest.xml:32:17-82
281            <meta-data